250
0,999 kg6 k031 kjb1 k17 k4q kw52 kpc kqx k1l kmz1 k8b1 k3j1
2,996 k9d khk krg1 k1s k4q kg11 kv1 k652 kmn k001 k201 kb6 k81 kd7 k0w1 kb5 k8b1
6,995 krx kd k512 kwj1 kpz1 klb kqq k502 kgp1 kk khh1 kbd1 kvb k9s k14 kr1 k991 kr51 k291 k13 kj62 kwx k9c1
8,993 kjb1 kz9 kz91 k8l1 kr5 km9 kww k6m1 k3k k1 k5w1 kpn1 k561 kcd kdd1 k9k k76 k911 kk6 k3w kl51 ks5 klf k571 kc61 k1q1
10,991 kfj kqp1 kmm1 kfk1 ks1 kk82 k0s kh8 kkb2 kc6 k692 kw6 ks3 kd5 kp7 kv8 kk9 k582 kr02 k7q1 khd k7p1 kb82 kpd knf k991
12,990 kv61 krx1 kwc2 kfk1 k711 k6k khg1 k721 kk51 k3d1 k3b kgx k011 kzl k001 k0l1 kks1 k5x1 kcl
15,988 kdp kd k452 kg7 kdp1 kd7 kjq kz21 kzg1 kn7 k6c kfc2 k6d1 kc5 kvl k902 k9n1 knq klb1 kf02 kmj1 k2w1 k82 kd91 kc61 ks22
18,985 ksv1 k572 kd4 kr82 kf7 kl21 k271 k5r1 k332 k471 kxf1 kcb2 kkk1 km62 k13
20,984 krh1 kg71 k5x kd71 kzg kxr k3g kwp krc1 k0g1 kvs1 kvr kvw kpb2 kc22 kvc2 k762 k112 kj21 k242 khk1 kqc kd62 k8q kcl
26,982 kr21 k0c kz61 kz91 kmr km42 kpz1 kv1 k2m k9x kjr1 kg92 k1 kdb2 k3q kk61 kld1 k3m1 kk9 k9d1 kg82 k242 kpd kjc
27,981 k361 kqb k8l1 kgc k412 knl1 kn12 k692 khh1 kcj kwf kpr1 k651 kc41 kr82 kh91 kbb1 kl51 kf9 kx71 kx1
30,980 kr21 k221 kpb2 k08 kf k6w k2x1 kz3 kmf k3r1 khn k1q k7j kv32 kbs klg1
31,979 kkc1 kq32 kn51 k4x ksb2 k0j kk01 k1c kvs1 kh11 k5w1 k73 k542 k291 k4m1 km7 k4c2 k7q k6w
32,977 kbj kkr1 kz61 kph kg kl42 khc k412 kcc1 k7d k421 kn12 k692 k8b1 kq4 kq01 k4g1 k5b kh41 kd41 k911 k291 kfr1
36,974 krq kkw1 kkr1 kvh kqz1 kv61 kgc k6x k242 kck k88 khg1 k261 klg1 kl3
37,973 kwn1 k6z1 k6z kq32 k271 k412 km9 ks7 kjj1 kdp1 k8h1 kpn1 ksk k86 kc2 k471 kpb
40,968 kxb1 kbv klz1 kq52 kpb kdn1 k561 kv7 kr51 kd32 k1v1 k6h k171 ksf k3q kfx kx1
44,967 k4r k0c k6f1 kjb1 kh61 krk kh3 k412 kg7 k4x kww k1l1 k8k1 kgp1 k5l k7k1 k901 k3m kjk k4c2 kx71 k13
46,965 kk8 k181 kx41 k1s k86 k8l1 kkk1 kxd1 kx71 kqq k8l k3m k921 k091 kfr1 kp31 kn3
47,961 kq3 kvd1 kd kk22 kzn kdn1 kqz1 kbc2 krx1 kh01 k76 k9j1 k29 kn4 k622
49,960 kxw kd kbn kkc1 k512 kx6 kz91 krk k0m1 k4x kkv1 kpc kl41 k391 k002 kk22 kkw1 k181 kf2 kvk kb02 k6d kfb1 kd7 kzk1
51,958 kz02 k1j1 kkr1 kls k802 k4k1 k4x k6k khz kzn1 kkb2 kvb1 kn12 k8h1 k5w1 kdh1 kw52 kgk1 kvc1 k462 k3m kz8 ks
52,957 kcc kf71 kll1 kzn kbc1 k25 k332 k3g khg1 kcf kh8 ksk k9s1 khp1 kv41 kv81 k4n1 k221 ksg k0h1 k3b1
53,956 k19 kx92 kn71 kjl k332 kpg kqb2 kw32 k6h1 k391 kjr1 kn3 kz21 kl6 kvk kd41 k7q1
54,953 k4 k751 k9c kl8 klj1 kf01 kjs1 k0b1 k0l kvc2 kq11 kjk kdn krg1 kzk1
55,952 kc62 k181 kd kpr1 k8h k561 kvp kdj kv61 kb02 k0j1 kb92 k7p1 kkc kwz k6h kzk kpg1
57,949 kw81 kdm1 kvn1 kqb2 kb11 kp51 km72 kcn1 kwg1 ks01 k6c k76 k022 k2k k921 kx71
58,947 krk k6x1 kcl1 k0s k9q1 k84 kkm kn12 ks21 kpg1 klm kq62 kkb1 kl72 k6c ksp1 k2k kbq1
59,946 khc1 kzk1 k141 kb62 k55 k3r1 kc1 kqb2 k6k k2j kvc kn4 k9c1 kkp
61,945 kfz1 kfk knj khv k2n1 kgn kqb1 kqb2 khr k242 k1w kd62 k1q kx4
64,943 krx k512 kfk kwj1 k25 k141 k6g kss1 kfz1 k011 k38 k561 kvl khk1 k9c2 kf21
65,941 krv kls k351 k0h1 khk1 kr02 k7d1 k0k1 kp2 kc21 kzj kfr1 kcl kzk1 kf21
66,940 kz02 kg71 kx81 kdn1 k2l1 k882 kv8 kf6 khn kv32 k2g1 k692 k661
67,937 kz61 kkc1 k1n k5r1 k3g kjf1 k81 kvs1 klg1 k141 kdb2 kpb2 kpr1 k2m1 kn02 kq81 kr1 kd41 kk31 klb1 ksv knf kk11
68,934 kwn1 kh11 kpr1 kkr1 kz21 kkh kkk kd71 k6c krm1 k291 kd12 k0l1 kdg
69,932 k031 klz1 kqc2 k412 kzg kd82 k7d kk k9j k381 kfp1 kkw1 knl k65 k74 kf22 k93 kp21
71,930 khn1 kcc kk22 k802 kw11 k6x kbm kb02 kgk1 kjj1 k001 k7j1 kqx kjr1 k3k kfr1 k002
72,929 kc4 k6k1 k1x1 kln1 kk12 kw62 kg7 k531 knb2 k81 kb5 k71 k4d1 kq8 k651 k2m1 kpn k6q kqz1 khk1 kk31 kh42 kx71 k991 kx1
76,928 k6z k2m1 krk k86 kkq k3g k462 khk1 k4x1 ksq1 kqx kf12 kmj1 kw4 k921 kf22
79,927 kj6 kz02 k912 kk22 k12 k802 kb21 k8j kh91 k8c kpd k1 k8b1
80,920 kx51 klw kww kjl kgg kpv k7d1 kn81 kh6 kr2 kwg1 kkk1 k3b2 k9k kc5 kfb1 k63 km7 ksg kcl kdg
82,919 kx01 knp1 k3b2 k8l1 k762 k3c2 kw kcf kqc k1q k6w kwg1 kr12 k3c1 kj41
84,918 kdp kk22 k6x kgn kzw k691 km81 kqv1 krz1 kkf1 k7j khh1 kfr1
85,916 kk4 khc kl3 k232 k691 k242 k44 kq21 kpb kxv kdg
86,915 kbv1 k161 kn51 k3r1 k3j kqq kj41 kkg kr6 kp32 k76 kj4 khk1 kdn kdw1 ksq
88,912 kwn1 krj1 k351 k12 k971 kv61 k932 kp61 kn31 k0j1 khf1 kqq k81 kc6 kk22 knp1 kpb2 k212 khb1 kpk1 kgn krr k991 kh42 kgb2 k9c1
91,911 kqh kbv k751 klz1 kg71 k412 k6r1 knk kx52 khh1 k032 k381 kj11 kr42 kdn1 k86 k0g kz82 kgk1 kjk km7 kw11
93,910 k58 kr42 kz91 kmq k532 kfc2 kpc1 kv9 k0s k3g k7q1 kkj1 k9h k1x k221 kff kf42 kwn
94,909 kb01 kj12 kbm kzw k541 kl52 kk72 kn91 k7r kq62 k1s kqz1 khr kvc1 kkb k4c2 kzr1 kkp1 k352 k5j
95,904 k0c krn kl6 kff1 kkc1 k4g1 kl31 k7h1 kbd1 k332 kr02 kkm kqk1 kfr1 k3c1
96,903 kcc kj1 k34 kzw k371 kdp1 kqx k26 kkk1 k45 k572 kpn1 kkw1 kx41 kd41 k0n kvj k46 kbq1 k2q
97,902 kz02 klr1 krk k4d ksk1 k7r1 km9 kbn1 k2x k3k
99,901 kx01 k982 kwb2 kz02 k2m1 k1s kn2 kfn k6s kjd1 k55 k711 k3r1 k5k kq81 k221 kf42 k13
101,898 kz02 k4r km52 k55 k4x1 k9h kgp1 k851 k5w1 knj ksk kzq kv9 knl kzl k74 kwg k6w kx12
102,897 kpb2 kr91 k161 kb02 k471 kh42 kn81 k8k1 k0l1 kz8 kpb k3k k4d2 kp62 kss1 klg1
104,894 kh1 kjb1 khc kkk k6k kk32 kjj1 kqk1 kr2 kf2 k561 kk91 k511 kqp kd41 kk6 kjc2 k0w1 knf
105,892 knd kb7 kk9 k882 k76 k4x kqb2 kjl k6k kg62 k7d1 k3m kf12 k621 k8l kn12 kcn1 k41
108,891 kg6 krc2 km42 kk82 k1j kjj1 kh72 kjw1 kkm k6n1 kzn1 kwp1 k4d1 kjg1 k792 k922 krv kk22 kkb1 k4g1 kl72 k6c khn k74 k132
114,885 k1j1 krx kbv1 ksd1 k412 k6k kkr k3g k2h1 kgp1 kf01 kdb2 kq6 kkw1 kkb1 kc02 k49 k76 khn kfj1 k63 k4m1 kd7 kbk klv
115,884 kwd1 khc1 k361 k5b1 k8g1 kvh k8l1 k7g kjx1 km81 kjw1 kgb2 kxm kf12 k7c2 k1 ksp
116,883 kdp kbl1 kdj1 kkz1 k0c1 kx41 k86 kcw1 kr82 k161 k711 kr02 kmk1 kpb
117,882 kg71 kfj kf2 k931 khq k6x k8d1 kgb2 k4x1 k1w k3k kwg1 kh11 kc8
118,881 kcc k21 km52 kb62 kgc kfh kn51 kv1 klb k721 k8k1 k1b2 kmz1 kxf1 knj k651 kb7 ks92 kk1 k762 k7p1 ksj1 kf91 k39 k2c1
119,879 kvf kxc k332 kqv1 kn81 k391 kwg1 kg51 kd22 kfz1 kk21 khr kmn k001 ks11 kc21 kjb
123,876 kvj1 khc kfj kqz kj3 kb02 k5q k711 kk01 kv1 k29 k342 kzm1 k8x1 kdc1 k37 kfx kp21
124,873 kz61 k6z k602 k402 kjb1 kdr1 knn1 kn51 k4q1 kzw kpf1 k3p kjk1 k1 kbg1 kj5 k3n1 knj k212 k1s k6c kr51 kcv1
126,872 kkc1 knm1 klp1 kr5 ks91 kbm k711 k1l1 k7j1 k8k1 knb2 kr42 kj8 kpr1 krn ksp k0p1 kd7 k6r kdg
128,871 k0c k011 kd kz41 kz9 k7n1 kqh1 kw1 kqb2 kk6 kk31 k46 k2c k4d1 k3j1 k032
129,868 k221 kpn1 kj82 kj1 ksb kdm1 kdn1 k511 k55 k34 k332 kn41 kmn k342 k391 k3p k2n k6l
130,866 kdm1 k4g ks71 kk82 kqv kdp1 k81 kpp kzk1 kpp1 kn3 k11 kwq1 k89 kv02 k561 ksk1 kv9 kz82 km7 kxp k991
131,862 kjb1 kkq k6k k3g k3x1 k6h kx82 kdb2 k3q kzr kbz1 knc kmn kl51 k1w k59 kcl
133,861 kbv klz1 krk kbc2 k771 k452 kkh km9 k3r1 k332 k3g kkf kbh1 kgz k002 k241 kn91 kn62 ksk1 k88 k001 kh42 kc21 kqf kpl1 k3b1
134,858 kbj k8h kg71 kjb1 krk km52 k78 kk82 kv1 khz k4x1 kj41 k8h1 kkw1 kx41 krq1 k9k k8q1 kk9 kc2 kk41 kck kc21
137,857 klr1 kkc1 kzn kmf ks61 khz kn81 kdp1 kgk klg1 k3q knf kvb kpb2 k192 kv02 kv9 kvc1 k8l k7v k1g ks82
138,856 k7k kwb1 kfg k2 krk kz9 kl42 kv k7f1 k1v1 kvr kgf k3j1 kf42 kk72 kvx1 krq1 kqz1 kdz1 kh42 k7w k3x1 k622 knf kcl
143,853 khc1 kbv1 k6z1 kbv k0z kvh k4k1 kr5 k062 kkv1 k0f1 kp9 kpg1 k9k kl31 kjz1 k4f k852 kx71
144,847 k0b2 kcv kwk1 k061 k512 ksv1 kkl kvh kb62 k412 k6r1 k1n k161 k5d1 k9q1 kcf k1x kpg1 kfz1 k7n1 kzr kvq1 khb1 kjk kf5
146,846 kvm1 kbv1 ksv1 k8h kph klc1 kz22 k711 k7d kh8 kr2 k011 kkb1 k8k k5f1 kv81 k8l kvc1 k0k1 kz5 kr02 k8g kj91
147,841 k871 khl kb1 kg7 k34 k412 kqs1 k4x1 k81 kdb2 k381 kk22 kkb1 k7n1 kqz1 k13 klb1 kmv k1q kzk1
150,840 k361 kg71 kkc1 k6x kv62 kpc kgp1 k0c2 kz11 k4d1 kwg1 kl6 kq01 k9 k212 kdd1 k9d1 kz82 k872 kb02 khn k242 k972 k59 ksq kvm
151,838 k602 kkc1 kz9 kg72 kc61 kjw1 kdp1 k692 kx41 k7n1 kgj1 kb02 k3w kk71 kr02 k302 kfr1 k951 kx1
152,837 krk kv k4k1 k8p1 kc81 kjc k3k k14 k7n1 k8k kv9 kr02 k7s1 km7 k9k1 k5g1 k3c1 kc61 kw11
153,835 kqh k3p1 kfk k351 k4x k1l1 klb kgp1 kkb2 kvs1 kx82 kfz1 kj82 kb7 k9k kp32 khb1 k462 k7q1 k881 kxw1 kf12 kw11 krl
155,834 k9p1 kz22 kpc1 k1l1 k7d k141 kkk1 kx41 k38 k8g1 krr kvk k3w kk31 khk1 kvg kq12 k0k1 k4n1 k3c1 kdg
156,833 k5b2 kbj ksd1 kgc1 k64 k7b2 k4k1 km9 k6r1 kpc1 k5r1 k1j kkv1 klm1 k692 kxf1 kh11 kb7 kgk1 kmj1 k311 kfs1
157,832 kqh kfx1 klz1 k802 kg7 kkd k4c1 k711 kh8 kxm k8k1 kp72 k4x1 klm kpr1 kck1 khq kfb1 kr02 kz5 km7 k051 kzk1
158,828 k21 krs kh02 k0m kd kjb1 k8b kk21 kd82 k9h k082 kxb k622 kfr1
160,825 kcq kkz1 kfk1 kqb2 km6 kmw1 kpg1 kbm1 k982 k011 kq01 k511 kk9 kgn kd41 kk6 kgb2 k1w k4b k0h1
161,824 kxl k5 kq01 k7g kd41 kpc1 k74 k462 k7q1 kr02 kkc k7p1 kn4 k002
162,818 kq1 kq3 k6z kmc2 k532 k4q1 k4x kn81 kkm kdp1 kgj kk72 kh11 kq52 kv02 kr82 k762 knm k7w k3x1 kx71 kcl ksp
163,817 kz61 km52 k33 k332 k4x1 kn12 k4d1 kp62 kh11 k8h1 kr42 k2h kxb2 k762 knl kvk k432 kr02 k0l1 k3h k672
165,816 km61 kxs klm knj k03 kq01 kkc1 k351 kmf kv8 kr1 k711 km5 km7 k0l1 kc21 k3k k1g
168,814 ksx k0c kz9 k4g kv k452 kk82 k4v kv82 kd7 kq01 k822 kqz1 kzr k65 k1w k0k1 kdd k082 kf9 kqc kj91 kcv1
169,813 kcv kkr1 k8h k3n kk12 kg71 kgc km42 kv7 khj1 khg1 kk51 kkb2 kf01 kxk kdn1 k1s kk9 k431 kgb2 kr51 k3m kvv1 kq91 k951 kp21
171,810 kc51 krv kk12 k8m1 kdn1 kfk1 k7p kc11 kkf k8l k7d1 kb9 kqs kd7 kgj kbg1 kjs1
172,808 kbv1 kg71 k6j1 k8l1 kvh kjl k9j1 kdb2 kxf1 kvb kn3 kfz1 k9k kzl k722 khn k7q1 kgb2 km7 krz1 kgw1
173,806 kl9 k842 kkr1 kcm k512 kdb2 k6 kpc1 k3w kb02 knm k7d1 kks1 k3k klv1 k2q1 kzm1
175,805 k9p1 k142 k33 km42 kn4 k002 k5p1 kl6 k7n kvc2 kd41 k7q1 kh42 kf3 kmj1 k39
180,801 k361 kfj kcj kd7 kkk1 kn3 kq11 k2x1 k481 kjx1 k28 kwv1 kpd kwz1 kb41 kcb2
182,800 kwn1 kbv1 k9f khk kz9 kvh k8l1 k4k1 k691 k7d kgp1 k3k kxf1 kzk1 kbk1 khb1 k6d2 kms k991 ksw k881 k3c1 klz
183,798 kz02 kq3 k3p1 k92 kg7 km42 k4b1 k3g kjj1 k4z kcw1 k762 kl11 k2k k8x1 kp4 k6v1 k7x1 k7c
185,797 k771 k9f1 k33 k3r1 kdb2 kj32 k8h1 k011 kgx1 kj82 kh62 kdn1 klk knl k76 k7q1 kj k921 kbd k2q
188,796 k19 km11 k78 k6x kv3 kdw kg62 kdm k81 kp72 kq21 kl3 k8h1 ks9 kdg1 k9d1 khp1 k97 kjx1 k7q1 k74 k4k k4n1 k221
190,795 kfk k3f k6r1 kqv k7k1 kv02 kck1 k18 kdd1 kv9 khr khk1 k2w k881 k0k1 kq91 kxb ksq kcv1
191,794 kfj kc81 k7d1 k942 kpp kkx1 kh51 kl9 kb7 kl72 kzl kk41 k5m1 kk6 kh42 kd62 kls1
195,793 k5c krk k0d2 k3g k9h k092 k6h1 kkq1 k002 kwg1 krn k7n1 kgn kfc2 kfc kr51 k7p1 kb41 kp5 kx12
198,789 k7k1 k2b k6z kx klf1 k1s kld1 kfc2 kn41 km81 k63 k7d1 k242 k141 khh1 k3q ksr1
199,788 k011 kj8 k7f1 k55 kq81 kr52 kh42 khg1 kkb kks1 kb5 klv1 k8b1 kx71 k13 kp21
200,783 kz62 khk kkw1 kz9 k0k k0m kgc kc2 kn4 kjx1 khr k74 kms km kq02 kdz kw11 kjm1
204,782 k4r kx51 k8w1 k6r1 kfk1 kz31 kn82 kh82 kcn1 k83 kqz kl72 kxc2 kgn k991 kr02 k291 k881 klj kzk1
206,781 kbj kbv1 kw62 kfj kzw klq1 k471 klc2 kgb km7 k5g1 k1q k9h1 kcl
207,774 kwd1 k011 kzk1 k802 kzg kgn kd82 knm kgd1 k7q kcn1 kcl k951 k3p
214,773 kw21 k41 ksn khc kv8 kdv k4c kpc1 kk82 kfb1 kx71 kwz k6v1 kz42
215,770 kvf kjb1 kz91 kmf k6k k0f1 khg1 k3k kk42 kkk1 kj82 kl72 kp6 kw8 k242 k63 kx72 k8l k881
218,769 kc12 kjb1 k38 kq01 kq7 kr82 kvd kg62 kbn1 k2m kgb2 k1w kkj kxf1 km02 kwv kjs1
221,765 k19 kr81 k78 k532 k232 k791 k3p k4d1 k8b1 kq52 kz21 k38 kdd1 kr9 k471 kkj k1q
223,763 khs k361 k8n1 k6z1 kgm k501 k7n1 k9d1 kd51 kk21 khk1 khg1 k7p1 kx2 k9l kj41 ks22 kj9
224,762 kf42 krv kjb1 kg71 kq01 khc kvc2 k8j kbm kfc kjw1 k7v kj41
226,760 k3p1 kkc1 kmf kgc ksr kjl k4x k9j1 kww kh8 k712 k381 klm kpn1 knb1 kbz1 kdv ksc2 k221 k672
227,759 k3c k9x1 kj82 k412 khp1 k3w kk6 kqb2 kkf k001 kn81 kmj1 kkz kx2 k921 kwz k81 krk1
231,758 k031 kd k861 k532 kz22 k371 k7d k4h1 kwz k292 kkk1 k5v1 kx01 kk4 kdd1 k462 k88 kgb2 k3c1 k191
234,753 k1p1 kx9 k13 kvl kz22 kr1 k4x kqb2 kj9 kk21 k581 k3r1 kbb1 kk kc6 kb5 k141 k9c1
236,752 kfg1 kq3 k512 k452 k161 kgn kfk1 krb2 kv1 k7q1 km1 ksw k0w1 k8k1 k82 k1g ksh k862
237,751 kz02 k21 kc3 k6x k861 k34 kfk1 krc1 kqv1 kvs1 kr42 klm k9x1 k2k1 kvq1 knc k0k1 kpd k1q
238,750 kvf kdp k361 kz61 k8w k452 k511 knh k5f1 kh42 km7 ks62 k472 k381
242,749 kz02 kkl kw01 k802 kkd k711 khs1 kgj kk8 k3b k2g k5c2 kkb1 kq81 k911 kjk ksj1 ksp ksr1
243,744 kh31 kfk kh1 kz91 k452 k8l1 km42 k5r1 k391 k3k kn12 khh1 kf42 kpx1 kdb2 k011 kkb1 kld1 kqz1 kzc2 kmj1 kf22 kdn kqm kdc2 k632 k991
244,740 ksv1 kdb kvs kx92 k4b1 k4x1 k171 kn12 k141 kpg1 kl9 k0r k2m1 kxs1 khp1 kw8 k6d2 khb k8l kb51 klb1 k1w k3x1
246,737 kqh k7c1 k8l1 k34 kn51 k072 ksq1 kkb2 k1h k66 kx01 k181 k212 kbz1 k911 k471 k622
248,735 kkw k4x kpc k7c2 kkf1 k4d1 kf01 kn4 k5v1 k7k1 kjs1 kpb2 kv02 k882 kr82 kwm k2k ksg kc61 kzk1
249,731 k4r kkv kkc1 khc kqb2 kjr1 k091 kh11 kx01 kk3 k9z1 kxx1 khw1 k76 kjx1 k5f1 k8n kw71 kd81 kwb2 kws1
250,726 kcc kh1 k3p1 k8h kvh kkk kr5 kqf1 k5d kfb kj42 ks51 knj k38 k86 k6d2 k5f1 ks2 k0w1 k4c2
252,721 k19 k4r k912 khc k412 k711 kww k1l1 kp9 kw kh52 kzb kd7 k1p1 k4p kz21 kkb1 k611 kv9 kk6 kjk k7b1 kqs k4
253,720 k0b kkr1 k8h k8s1 kmf kk21 kfv kzw kbg khg1 k0g1 kz
256,717 k4r k361 k5r1 k05 kqv kpc2 kpc khj k3k k362 kx4 kh11 kl6 kcw1 kkm1 k3m kdx k672 k1g kx1
257,716 kz02 kx51 klq k4k1 kpc1 kwc kv1 k072 khz k3p kn4 k3c krv kq62 kjx1 kk31 k7q1 ksq k991
259,715 khc1 k702 k861 kfk1 kqv kwz kdb2 kzk1 kfq kk22 k7n1 k86 k9k k3q1 khx1 khn kx1 k921 k6p kf21
262,714 kf71 kz22 kn71 kww kpc1 k1v1 k662 kn4 kg52 k66 k4v1 k83 kwk kj82 k1s kl72 k9d1 kgn khr kmv1 kc72 k291 k4k kdr k39 k3c1 kf21
263,711 ks31 kv61 k161 kv7 kxj1 krc1 kl61 kxq km3 k66 kzs1 ks92 k9s1 kqz1 kqh1 khb1 kqk k001 k1w k3m kmj1 k2n knf
264,710 k2 kn91 kz91 krp kcl1 kd41 kzw k3w kfv1 knp kcp1 km7 k4m1 kc21
266,709 kr42 kl71 ksk k8j k861 krr kps kk82 k621 kpq kqx kd01 kf82 k4d1 kv32 ksr1
269,705 kgg1 k4x k6k k072 kb5 kwg1 kjs1 k9z1 kpb2 kpn1 kr22 kv02 kkm1 khb1 k76 k5s k6d2 kq91
270,703 k6z k7b k0j kqv kkf knl1 k5h1 k832 k4d1 k6m k9p k5w1 kpb2 kld1 kcd1 kmg1 k911 kw91 kgk1 k5f1 k462 k8l k2k kcv1
271,701 kwb1 k2 kdb kl4 kqv kjw1 kn22 kxq k3q kfz1 kl6 kld1 k9z kjv ks32 kmc k74 kpd k5v kqf
273,700 k8c2 k21 kfk kj82 k3b1 k36 kdz1 kvc1 knr1 k7d1 k0g1 k832 k141 kq91 kw11 kkp
280,699 ks3 kzn k3q1 kd41 k0f1 km81 kbf kh82 k7p1 kd11 kkb2 k6g1 k13
285,698 kwd1 klm kkc1 kvc2 k612 k882 kl3 k3r1 kjr k0s k0j1 k782 k4x1 kdp1 kvs1 knf kss1 kkp
288,697 k9d k0c kdk1 kb62 kbm kd82 k0j1 kg62 khg1 k831 k3p kf01 k381 khp1 kk21 khr kx1 kr61 kcb
289,696 k4r kww kg12 k0f1 kn81 knr k82 ks21 khh1 kzm1 kb kc62 klm kk61 k222 k462 kkg1 kks1 kcg
290,695 k19 kp82 kdr1 kjj k412 km81 k7d1 k1v1 k8b1 kp62 k381 k5v1 kjs1 kpn1 k511 k0q k881 kmj1 k311 k991
291,689 k21 kqp1 kv7 kk82 k1l1 k392 ksb1 k3r kwd1 knj k0c1 kdn1 kfj1 k4n1 ks42 kk11
295,686 kvh k9j1 kq42 kpc2 km81 kmk1 k211 k572 kdd1 kbz1 krr k582 k53 kk92 kdn k622 kjc k3c1 ks41
297,685 kp82 k6h1 ksg1 knw1 k252 k161 kn51 kq81 k762 kk41 kgk1 kb4 kdf k4c2 k82 kdb2 kd02
304,684 kl01 kd k9w1 k34 kl21 kk82 kg12 kp41 k8k1 k3p knf kss1 kn kkw1 k86 kzq kr82 k151 kz72 k291 kc61
306,683 k9p kch1 kbj k181 k6z k382 kzc1 kv61 k76 khg1 k3p
307,681 kcc k6z kkz1 k4k1 kv7 k8 kc11 k5r1 k0f1 kp9 kgn1 kwz k3k k292 kk61 ks52 k3w k7q1 kms kq02 kc21 kz42
310,676 kh1 kd kx41 kfk1 kgg ksz k9j1 k6d2 k8l kbl kdn kp5 kls1
318,675 kfk k741 kk12 kzw kd9 k7j1 kqk1 kvr km4 k1 k1h1 kk72 k1z krg kpr1 kpn1 kfm kmk kq81 k76 kx42 k2k k1g1
321,674 kc51 kl12 kh1 k4s1 krk kjg k4x1 kwz kks kr92 kk22 k5 k4w k1s kxz kv8 kv9 kgz1 klb2 khk1 k2v1 kn11 kk11
322,673 k0c ksv1 kbc2 klh kz6 k9d1 kmp1 kx21 k2f kx32 k9c1
324,670 k19 krm kcc klr1 khc k4k1 k79 kn31 kh8 kf42 kq52 k181 kpb2 k7n1 khb1 klk k1w ks4
327,668 k9c1 khc2 kh61 kdm1 k0j1 kkk1 kkw1 k9k kdd1 khv kcw1 kr82 krr kb02 k001 k291 kpb k39 kdg
330,666 kks k1b1 kj8 kl6 km01 kdd1 krw kbm kmx k242 k7d kh42 k391 kjv1 k091 k1 kdb2 kw11
331,665 kcc kkr1 kh2 k861 kqv kr2 k032 k3d1 k812 kg61 kmb2 k4n kxk1 kv9 krr k481 k8l kf02 ksv kf12 kp11
335,664 kg71 km52 kr5 k532 kqj1 k5v1 k181 kf2 k561 k491 khn kv81 kk52 kcv1 kd62 k642 kdg
336,662 k9d k6z1 kkr1 k8l1 k6x k332 kdp1 k3q kcz1 k8h1 kdg1 kzx kv9 kr1 kvk kq5 kjk kk52 kks1 k342 kcl
337,661 kqn1 kjb1 k532 kn71 kpc kjj1 k5h kkf1 ksb kmz1 kn4 k3q k9s kkb1 kdg1 kl72 kdv k471 kvc1 kv22 kql1
338,660 kz62 knj kdq1 k351 kdd1 ksj k161 kzg ks91 k691 k0k1 kqs kd7 kfr1 k9b1 kvb
339,659 kbv k512 kkr1 kmf km9 k3r1 kls1 k1v1 kjr1 k4d2 kpg1 kjs1 kw21 kmg kgn k9n1 k2k k1g k61 k13
341,657 khm k9l1 k512 k532 kc82 kk82 k0f1 k7d kbh kn52 kn81 kj72 k5v1 kdl1 ks01 kkb1 k9k kzr k9d1 khp1 kxq1 kr1 kf21
343,653 kw51 k19 kcc2 k6z kgc k33 kgp1 k692 kr4 k562 k2x1 kz82 krr k49 kpx k6d2 kl32 khk1
344,651 kqh k361 kg41 kmf kg7 k861 k4x kcf kh8 k8p k3q k7k1 kr42 kc22 k212 krr km92 k7q1 k77 kw3 knv1 k8q k6w
345,643 k2v kp52 kbj krk kz91 kz22 k4x km1 kkf k2m khg kpb1 kjr1 kc91 kkw1 k1s kb02 k2k k1w k0l1 ksn1 kzm1
350,637 kz62 k221 kbv k512 kh61 kpb kk4 k8l1 kq51 kr1 kb02 kqv knm kr51 k2m k01 k9v1
353,636 kk22 kd kbm1 kb7 k192 k612 kw22 kbz1 kqw kvc1 kbn1 kgb2 k3k knf k13 k5v1
355,635 klm k2 kz61 kfq1 klc1 kz91 k6c km42 k5r kml k762 kqk kv1 kb5 k8b1 kx12
359,634 khl1 kkr1 kqz krk k42 k9s1 khv kmf kn3 kk32 k22 kgz kq91 kp21
363,633 kz9 kz91 k452 kb1 k772 kdh1 kn71 k4x k3r1 kqv1 k342 kzk1
365,632 km02 kw81 k181 kz61 k351 k9k kh01 kr82 kh41 khr k0w1 k1w kn5 kk92 k3x1 k141 kbd1
366,631 kbv kr82 ksk1 klk k481 k161 kqb2 k0j1 k3g k1k1 kgk k0l1 kgj kq91 kpv1
368,630 k4r kqh khc1 k5p kr5 k33 kg7 kb5 kkw1 kf21 kzx k6c k3w kj4 kz5 k8n k8l k991 k4s
371,628 ksl kcq kf71 kh1 k351 kv7 k831 krc1 kb11 klg1 kb5 k4d1 k3q kj82 k7n1 k481 kkz k6w kj91
372,625 k4r k3p1 k6v kbm k3k1 k0s kkf ksq1 kgj kk72 kpr1 kx41 k2m1 kv31 kcw1 kz82 kfc2 kd31 k28 kk6 kkc kq02 kbx1 kjm1
373,624 krk kmz kgg1 k9c k3r1 kc61 kkf kh8 kkk1 kf42 k381 k8h1 kl9 k6n krq1 kq01 kk52 kbr1 kfr1
375,622 km42 kqb2 k0f1 kqq kh8 kwz kkc2 kxf1 kpg1 k5v1 kn72 klm kx41 kdd1 khk1 k74 k2k kqf krp1
376,620 k2 k0m kfj kmf k34 kn51 kn31 k33 k4k1 kgc kr5 ksb2 k9b k1 kbd1 kdl1 kk22 krg1 kkb1 khv k8k ksw kf12 kc21 kpb
382,619 kg71 k6z klz1 klr1 k532 kk82 k9j1 k1v1 kvs1 kn12 k4r1 kj41 k002 kvk1 knj kld1 k511 k471 kl51 k8l ksl1 k672 k0h1 kls1
383,618 k5w1 kxg kr42 kj82 kx41 k2 krh1 k9k k701 k5b k762 k6r1 khr k2r1 k2d2 kjq1 k622 k3b1
384,617 klw1 kmm1 khh k4x kn71 k0j1 kpc k141 kkk1 kcz1 k572 ks92 k86 kfc2 kq81 kgb2 k2k k7p1 kbd k0h1
385,615 k031 k2 kcl1 k2m kgk k81 kwp1 k04 k9w kjh k181 kq01 khv k762 kq81 kfc2 kjk k7p1 kpd kd62 k58 kx71
386,612 k19 kkc1 kwj kdm1 kz22 ks61 khg1 k2m kkk1 k011 k511 k6c kg81 krr kc5 kl31 kwv1 kgb2 kd62 kxb kjc ks22 kz12
388,609 khc1 k5w kzg k55 kg7 k2m k4x1 k8k1 kf01 kmr1 kkw1 k651 k962 k7p kjx1 kk6 k462 k0k1 kd62 ks4
390,608 kvf krx k181 kx41 kgn kh ksb2 k1m k0w kzf k7c2 kz01 kwf kfr1 k5g
392,607 kql kqh kg4 kg72 k861 km42 kz22 kqg1 kch kn4 kp62 k41 klm kj82 khb1 kvk kgk1 kk52 kks1 k342 kjc
394,603 kl6 kkw1 klw1 khv k34 kv9 kgn kc5 k002 k881 kfs kf12 k692 kk khh1 kc61 k99
395,601 k0c kqr1 kbv kkz1 kqh1 kz22 kfw1 kxg1 kdz1 kms kh42 kqq k7j1 kd2
398,600 krk k2x1 k861 k412 kr5 kz4 kdk kz52 k8k1 kv32
399,599 k2b kz9 kn61 khp1 kr1 k0j1 kkr kw kqk1 kjr1 kd62 k4d2 kvb kk11
401,598 k361 kz42 kh61 k9s1 k4k1 kd81 kr1 kgk1 k7g1 kqq k221 k692 k4d1 k672 k3q kzk1 kv42
402,595 kdp kr81 k351 k532 k6r1 kzw km1 kkf k321 kzm kwz klg1 kmd k3x kb32 k081 kx41 kmg1 kgm1 kvd k221 kqf
403,590 k4r k5w1 kf2 kld1 kn51 kw8 kq71 kjj1 kk31 k2s1 kkb2 k94 k4d2 kn3
405,589 kj8 klg krv kb7 k351 kr82 k412 kl31 kvk kqb2 krb1 k3g kqq klg1 klk1 k991
407,587 kxc k48 k2b2 kvc2 kvr1 kbz1 kn51 kn4 k762 kww khb1 k9j1 kdp1 k59 km12 kk72
408,586 k0b kwn1 km52 kzg k131 klg1 kf41 kjs1 k5v1 k2g k5c2 k38 khn k6d2 k74 kk6 k2k kmj1 kz71 k4c2
409,585 k19 kcc k8w k4k1 k6x k161 k532 k3r1 kzg kv1 kph1 kkd k711 kk42 kv32 k6n kv02 k242 ksw k342 kq91 kx71
410,583 kcx1 k4r krx kv92 k411 k711 kwc k0f1 k1l1 kkf k7v km81 kbn1 k3p k3k k8b1 kmp kfz1 kpb2 k0k kzq kvk kgz
413,582 khc kl42 k161 kqv k8k1 kjr1 k141 kj41 kq21 k09 k8h1 klm kk22 kvc2 kms1 kzl k112 kfb1 ksw kpd k7v k2p
414,581 k8c2 khc1 kz61 kkz1 k232 kbm k3g kgp1 kvr kv32 k591 kkw1 k2x1 kws1 kkm1 krv1 k88 kvc1 ksw kfn1 k0k1 k601 k8m kcl
415,580 k3r1 kd82 kqq khh1 k5v1 kpn1 kb61 kq81 kvp1 k8d1 kj4 k5f1 k462 k7w k0k1 ksj1 k311 k13 kcx kzk1
417,579 kw81 kfk kj82 ksk kz9 klz1 klw khb1 kvn1 k7h kqv kjk kw32 kkb2 kc6
418,578 ks01 k2p1 kmw kc2 k711 k0f1 kjk k3p k66 k4
419,577 kdk1 kbv kvd1 kf2 k492 k78 k801 kr62 kk82 kcf k2m k3s kr2 kd61
422,573 kw72 kd k55 km9 k4q1 kr72 k691 kz4 kjj1 kkx1 k1p1 kxc1 kz21 kfl1 kd41 k471 kgk1 kc72 k3m k0d1 k0l1 kd7
424,572 kbv1 kz61 kjb1 klh1 k6z kj1 k34 k9c kk82 k131 khz k81 kwz k0g1 kk krg kqj k9z1 kl72 kbp1 k7q1 kd7 ksq
426,571 k031 kdq1 k062 k3k1 kqv k131 kl8 k981 k032 kp01 kkw1 krq1 kpm k2x1 kwf1 k9d1 k151 k75 k5g1 k442 kw11
427,568 kdp krl1 khc1 kx51 kk61 k55 kvp1 k4m1 k2k kp21
428,566 k011 kk22 k9r kjb1 k351 k501 k801 k332 k4f k0f1 k3g kpd kb5 km3 k8b1 kkk1 k2c1
432,564 k19 kw21 krn k031 klz1 k861 kd41 k3w kk6 kgk1 k88 kd62
434,563 kzc kl92 k64 kqc2 kzw k0j1 k7d1 k7j1 k692 kvx1 kq8 k822 kjs k462 km7 kr kr71 kj91 kd42
437,562 k272 kkl1 k33 k332 kml1 kpc kdj kkb2 k3k k9m kkx1 kk22 k181 kl6 kqp k8j kck kvc1 k4m1 k82 kzk1
438,558 klg kf71 k102 kb7 kr82 k2n1 knl kk21 khp1 kgk1 k5f1 kvc1 kdp1 k0l1 k302 kv32 kcl k1m1
443,553 kh31 kl01 kbv kw9 kzn k042 kk82 km1 kn12 k8z k09 k181 ks92 kl6 k2m1 kx41 knq1 kdg1 kg01 khb1 k52 kgk1 kq91 kx71 kk11
444,552 kfk k6z1 kmk kvc2 km82 k301 kbw1 k28 kk82 kbh1 krc1 kjk kc6 kvs1 kdn kc61 kq52
445,548 kn kr22 k86 k511 kcs1 k6r1 k07 kvv1 kgw kzk1 kjs1
447,547 krm kbj kr81 kdm1 kvh k452 kmf1 kf7 k682 kgd k541 kqv1 kd32 k4d1 kl6 kvh1 krz k4l1 k222 k5f1 k9k1 kc61 knk1
449,545 k3p1 k512 khw1 k382 kzl kbm kr1 khr k2w khd kc21 k4d2 kg2
452,544 k891 kkv kpj kz61 kqp1 kr5 km9 kz2 kww kjj1 klm1 k81 kkb2 kvs1 k0r1 kf61 kwd1 kxg k5z k6d2 k462 kfb1 kcv1
454,543 kw81 kkr1 kvh kb62 kv k6k k131 khg1 knx1 k942 kf01 kbd1 kpp1 k0b1 k961 kpb2 kq01 k212 kdd1 khp1 kr02 khk1 k3m k7b1 kkp1 k622
455,542 k071 k011 kds1 k5w1 kjb1 klz1 kx22 k1s km42 kr1 kc5 k1v1 k942 k5v kq72 kc21 kzk1 k5v1
458,537 kjb1 k8h k23 k861 kq51 k5k kv1 k1k1 kg3 kp71 kv2 kgp1 krk1 kn3 kpr1 k1s khq k9m1 kvg1 kb02 k2k kqx1 kql1 ksp
459,535 k9c1 kkb1 k64 kmm1 kl31 kdg k3l k121 kw52 k462 kp3 kxh klg1 k7m1 k66 klj kzk1
461,534 kbv kfj kmw kzg kn71 k3r1 k81 kb5 k1b2 k4d2 khd1 krs1 kjp1 k9x1 kbb kjx1 knm ksw kmj1 kwz1 kks1 kfr1 kf21
464,529 kvf khc1 kb7 kzn kzl1 kfj kc2 kzw k791 kck kkf k81 kjr1 kvb1 kd51 ksp
465,528 kv kcf kn81 k7j1 k2s1 kh8 k6h kvr kk knd1 kn1 k8h1 kjl1 kpb2 kk61 ksk1 kgk1 k291 knf
466,527 kx51 k7l kkl klc k561 kdg1 k2x1 k6d2 k7q1 k7w kqc k1
469,525 k2v k19 k55 kqb2 kjj1 krc1 kcf kh8 khz kgp1 kkb2 k1 k0b1 ks92 ksk kq01 kld1 kk4 kxx1 k762 kc5 kk6 k1v k7w kzd
470,524 kvz ksl k5c k2 k48 kns kqj1 k5n1 kqb2 kc61 kn81 khh1 k5p1 kk61 krq1 kdg1 kdd1 k882 k9d1 kq81 kj01 kc5 k911 k63 kv81 krp1 k1g
471,523 kzw kl02 k1k k7d kp41 knx1 krw1 k6h k3b k3x k5w1 k3l1 k4w ksp1 k811 kl51 k001 kzk k622
474,522 k0c k841 kf52 kfj kzn kvh k78 kmf kmj k3r1 kv52 krc1 kfb k321 k4d2 k3q kq81 kl51 k881 kkc k39 kbw kk11
475,521 k47 khc1 kvh km51 k4c1 k6k k4x1 kx52 kf01 kdc1 kk72 kp kx01 kwd1 k961 kpr1 kl7 kzr k9d1 k6 kvk k621 kkz k2k k311 kg31 kd62
476,518 k8c2 k1n1 kb21 k0f1 kq92 kfl kn4 kdn1 kxh1 klb2 khp1 kk6 kl51 k4k kr k6g1 knf
478,517 k012 k7b2 kdn1 kms1 k4k1 k762 k861 k55 kqb2 kk21 knx1 k0k1 kkc kvs1 kpw k002 kdg
481,513 k2 kdm1 kzn k861 kr5 kjc kw kn12 k4d2 km62 k032 k7k1 kwd1 kr42 kld1 k882 khp1 k242 khk1 kr51 kf02 k462 k7v kfr1 kx71 k13
482,512 kkr1 kkc1 k561 kfr k2x1 k161 kvn k511 kb02 kbr km9 k2m k1w kdp1 kkd1 k3p k4l
484,511 kg71 kh61 k272 k4z1 km9 kd9 kfb2 k1v1 kk kx3 kj41 k5v1 k181 k9z1 k9s1 knl kd41 kj81 k471 k7q1 k7v
487,510 kpn1 kvz1 kz9 k9p1 kvh kcs kn51 kfk1 kc61 kn81 k4r1 kvr ksg kpg1
490,503 k0c kmx1 kkl kqb2 kn81 k8k1 kb5 krw k211 kf01 k3k kq22 kqr1 kb32 k882 khz1 knl kd41 kmj1 kzk1
492,501 k8h1 kz21 kq3 kc71 k38 k64 krn kqp1 klc1 kpk k3w kd82 k74 kl51 k291 k9n1 k0w1 k6w
494,498 kdp kzg kn51 kkd kwz k3p k9w kv32 kq52 k7k1 kl6 k212 k4g1 klh kv81 k881 kqc kc61 khb2
495,496 kj8 krk kz9 k511 k882 kgn k232 kr1 kl k462 km81 k7c2 kqw1 kq91

